<?xml version="1.0" encoding="UTF-8"?>
<!-- Generated by org.testng.reporters.JUnitXMLReporter -->
<testsuite hostname="arkas-MacBook-Pro.local" ignored="0" name="Default test" tests="3" failures="0" timestamp="02 Jun 2018 09:15:44 GMT" time="5.06" errors="0">
  <testcase name="GetStatusResponse" time="0.009" classname="com.GetMethodsRestAssured.qa.TestCase.GetMethodsRestAssuredTest"/>
  <testcase name="GetHeadersResponse" time="0.002" classname="com.GetMethodsRestAssured.qa.TestCase.GetMethodsRestAssuredTest"/>
  <testcase name="GetStringResponse" time="0.039" classname="com.GetMethodsRestAssured.qa.TestCase.GetMethodsRestAssuredTest"/>
</testsuite> <!-- Default test -->
