<?xml version="1.0" encoding="UTF-8"?>
<testng-results skipped="0" failed="0" ignored="0" total="3" passed="3">
  <reporter-output>
  </reporter-output>
  <suite name="Default suite" duration-ms="5060" started-at="2018-06-02T09:15:39Z" finished-at="2018-06-02T09:15:44Z">
    <groups>
    </groups>
    <test name="Default test" duration-ms="5060" started-at="2018-06-02T09:15:39Z" finished-at="2018-06-02T09:15:44Z">
      <class name="com.GetMethodsRestAssured.qa.TestCase.GetMethodsRestAssuredTest">
        <test-method status="PASS" signature="SetUp()[pri:0, instance:com.GetMethodsRestAssured.qa.TestCase.GetMethodsRestAssuredTest@224edc67]" name="SetUp" is-config="true" duration-ms="3120" started-at="2018-06-02T09:15:39Z" finished-at="2018-06-02T09:15:42Z">
          <reporter-output>
          </reporter-output>
        </test-method> <!-- SetUp -->
        <test-method status="PASS" signature="GetStatusResponse()[pri:1, instance:com.GetMethodsRestAssured.qa.TestCase.GetMethodsRestAssuredTest@224edc67]" name="GetStatusResponse" duration-ms="9" started-at="2018-06-02T09:15:42Z" finished-at="2018-06-02T09:15:42Z">
          <reporter-output>
          </reporter-output>
        </test-method> <!-- GetStatusResponse -->
        <test-method status="PASS" signature="SetUp()[pri:0, instance:com.GetMethodsRestAssured.qa.TestCase.GetMethodsRestAssuredTest@224edc67]" name="SetUp" is-config="true" duration-ms="1007" started-at="2018-06-02T09:15:42Z" finished-at="2018-06-02T09:15:43Z">
          <reporter-output>
          </reporter-output>
        </test-method> <!-- SetUp -->
        <test-method status="PASS" signature="GetHeadersResponse()[pri:2, instance:com.GetMethodsRestAssured.qa.TestCase.GetMethodsRestAssuredTest@224edc67]" name="GetHeadersResponse" duration-ms="2" started-at="2018-06-02T09:15:43Z" finished-at="2018-06-02T09:15:43Z">
          <reporter-output>
          </reporter-output>
        </test-method> <!-- GetHeadersResponse -->
        <test-method status="PASS" signature="SetUp()[pri:0, instance:com.GetMethodsRestAssured.qa.TestCase.GetMethodsRestAssuredTest@224edc67]" name="SetUp" is-config="true" duration-ms="843" started-at="2018-06-02T09:15:43Z" finished-at="2018-06-02T09:15:44Z">
          <reporter-output>
          </reporter-output>
        </test-method> <!-- SetUp -->
        <test-method status="PASS" signature="GetStringResponse()[pri:3, instance:com.GetMethodsRestAssured.qa.TestCase.GetMethodsRestAssuredTest@224edc67]" name="GetStringResponse" duration-ms="39" started-at="2018-06-02T09:15:44Z" finished-at="2018-06-02T09:15:44Z">
          <reporter-output>
          </reporter-output>
        </test-method> <!-- GetStringResponse -->
      </class> <!-- com.GetMethodsRestAssured.qa.TestCase.GetMethodsRestAssuredTest -->
    </test> <!-- Default test -->
  </suite> <!-- Default suite -->
</testng-results>
